  7.1 Матрицы.cpp
D:\GitHub\Cpp_Progs\7.1 Матрицы\7.1 Матрицы\7.1 Матрицы.cpp(39,10): warning C4566: character represented by universal-character-name '\u041E' cannot be represented in the current code page (1252)
D:\GitHub\Cpp_Progs\7.1 Матрицы\7.1 Матрицы\7.1 Матрицы.cpp(39,10): warning C4566: character represented by universal-character-name '\u0442' cannot be represented in the current code page (1252)
D:\GitHub\Cpp_Progs\7.1 Матрицы\7.1 Матрицы\7.1 Матрицы.cpp(39,10): warning C4566: character represented by universal-character-name '\u043A' cannot be represented in the current code page (1252)
D:\GitHub\Cpp_Progs\7.1 Матрицы\7.1 Матрицы\7.1 Матрицы.cpp(39,10): warning C4566: character represented by universal-character-name '\u0440' cannot be represented in the current code page (1252)
D:\GitHub\Cpp_Progs\7.1 Матрицы\7.1 Матрицы\7.1 Матрицы.cpp(39,10): warning C4566: character represented by universal-character-name '\u044B' cannot be represented in the current code page (1252)
D:\GitHub\Cpp_Progs\7.1 Матрицы\7.1 Матрицы\7.1 Матрицы.cpp(39,10): warning C4566: character represented by universal-character-name '\u0432' cannot be represented in the current code page (1252)
D:\GitHub\Cpp_Progs\7.1 Матрицы\7.1 Матрицы\7.1 Матрицы.cpp(39,10): warning C4566: character represented by universal-character-name '\u0430' cannot be represented in the current code page (1252)
D:\GitHub\Cpp_Progs\7.1 Матрицы\7.1 Матрицы\7.1 Матрицы.cpp(39,10): warning C4566: character represented by universal-character-name '\u044E' cannot be represented in the current code page (1252)
D:\GitHub\Cpp_Progs\7.1 Матрицы\7.1 Матрицы\7.1 Матрицы.cpp(39,10): warning C4566: character represented by universal-character-name '\u0444' cannot be represented in the current code page (1252)
D:\GitHub\Cpp_Progs\7.1 Матрицы\7.1 Матрицы\7.1 Матрицы.cpp(39,10): warning C4566: character represented by universal-character-name '\u0439' cannot be represented in the current code page (1252)
D:\GitHub\Cpp_Progs\7.1 Матрицы\7.1 Матрицы\7.1 Матрицы.cpp(39,10): warning C4566: character represented by universal-character-name '\u043B' cannot be represented in the current code page (1252)
D:\GitHub\Cpp_Progs\7.1 Матрицы\7.1 Матрицы\7.1 Матрицы.cpp(45,11): warning C4566: character represented by universal-character-name '\u041D' cannot be represented in the current code page (1252)
D:\GitHub\Cpp_Progs\7.1 Матрицы\7.1 Матрицы\7.1 Матрицы.cpp(45,11): warning C4566: character represented by universal-character-name '\u0435' cannot be represented in the current code page (1252)
D:\GitHub\Cpp_Progs\7.1 Матрицы\7.1 Матрицы\7.1 Матрицы.cpp(45,11): warning C4566: character represented by universal-character-name '\u0442' cannot be represented in the current code page (1252)
D:\GitHub\Cpp_Progs\7.1 Матрицы\7.1 Матрицы\7.1 Матрицы.cpp(45,11): warning C4566: character represented by universal-character-name '\u0444' cannot be represented in the current code page (1252)
D:\GitHub\Cpp_Progs\7.1 Матрицы\7.1 Матрицы\7.1 Матрицы.cpp(45,11): warning C4566: character represented by universal-character-name '\u0430' cannot be represented in the current code page (1252)
D:\GitHub\Cpp_Progs\7.1 Матрицы\7.1 Матрицы\7.1 Матрицы.cpp(45,11): warning C4566: character represented by universal-character-name '\u0439' cannot be represented in the current code page (1252)
D:\GitHub\Cpp_Progs\7.1 Матрицы\7.1 Матрицы\7.1 Матрицы.cpp(45,11): warning C4566: character represented by universal-character-name '\u043B' cannot be represented in the current code page (1252)
D:\GitHub\Cpp_Progs\7.1 Матрицы\7.1 Матрицы\7.1 Матрицы.cpp(49,24): warning C4566: character represented by universal-character-name '\u041C' cannot be represented in the current code page (1252)
D:\GitHub\Cpp_Progs\7.1 Матрицы\7.1 Матрицы\7.1 Матрицы.cpp(49,24): warning C4566: character represented by universal-character-name '\u0430' cannot be represented in the current code page (1252)
D:\GitHub\Cpp_Progs\7.1 Матрицы\7.1 Матрицы\7.1 Матрицы.cpp(49,24): warning C4566: character represented by universal-character-name '\u0442' cannot be represented in the current code page (1252)
D:\GitHub\Cpp_Progs\7.1 Матрицы\7.1 Матрицы\7.1 Матрицы.cpp(49,24): warning C4566: character represented by universal-character-name '\u0440' cannot be represented in the current code page (1252)
D:\GitHub\Cpp_Progs\7.1 Матрицы\7.1 Матрицы\7.1 Матрицы.cpp(49,24): warning C4566: character represented by universal-character-name '\u0438' cannot be represented in the current code page (1252)
D:\GitHub\Cpp_Progs\7.1 Матрицы\7.1 Матрицы\7.1 Матрицы.cpp(49,24): warning C4566: character represented by universal-character-name '\u0446' cannot be represented in the current code page (1252)
D:\GitHub\Cpp_Progs\7.1 Матрицы\7.1 Матрицы\7.1 Матрицы.cpp(49,24): warning C4566: character represented by universal-character-name '\u044B' cannot be represented in the current code page (1252)
D:\GitHub\Cpp_Progs\7.1 Матрицы\7.1 Матрицы\7.1 Матрицы.cpp(55,10): warning C4566: character represented by universal-character-name '\u0422' cannot be represented in the current code page (1252)
D:\GitHub\Cpp_Progs\7.1 Матрицы\7.1 Матрицы\7.1 Матрицы.cpp(55,10): warning C4566: character represented by universal-character-name '\u043E' cannot be represented in the current code page (1252)
D:\GitHub\Cpp_Progs\7.1 Матрицы\7.1 Матрицы\7.1 Матрицы.cpp(55,10): warning C4566: character represented by universal-character-name '\u043B' cannot be represented in the current code page (1252)
D:\GitHub\Cpp_Progs\7.1 Матрицы\7.1 Матрицы\7.1 Матрицы.cpp(55,10): warning C4566: character represented by universal-character-name '\u044C' cannot be represented in the current code page (1252)
D:\GitHub\Cpp_Progs\7.1 Матрицы\7.1 Матрицы\7.1 Матрицы.cpp(55,10): warning C4566: character represented by universal-character-name '\u043A' cannot be represented in the current code page (1252)
D:\GitHub\Cpp_Progs\7.1 Матрицы\7.1 Матрицы\7.1 Матрицы.cpp(55,10): warning C4566: character represented by universal-character-name '\u0440' cannot be represented in the current code page (1252)
D:\GitHub\Cpp_Progs\7.1 Матрицы\7.1 Матрицы\7.1 Матрицы.cpp(55,10): warning C4566: character represented by universal-character-name '\u0430' cannot be represented in the current code page (1252)
D:\GitHub\Cpp_Progs\7.1 Матрицы\7.1 Матрицы\7.1 Матрицы.cpp(55,10): warning C4566: character represented by universal-character-name '\u0437' cannot be represented in the current code page (1252)
D:\GitHub\Cpp_Progs\7.1 Матрицы\7.1 Матрицы\7.1 Матрицы.cpp(55,10): warning C4566: character represented by universal-character-name '\u0438' cannot be represented in the current code page (1252)
D:\GitHub\Cpp_Progs\7.1 Матрицы\7.1 Матрицы\7.1 Матрицы.cpp(55,10): warning C4566: character represented by universal-character-name '\u0447' cannot be represented in the current code page (1252)
D:\GitHub\Cpp_Progs\7.1 Матрицы\7.1 Матрицы\7.1 Матрицы.cpp(55,10): warning C4566: character represented by universal-character-name '\u043D' cannot be represented in the current code page (1252)
D:\GitHub\Cpp_Progs\7.1 Матрицы\7.1 Матрицы\7.1 Матрицы.cpp(55,10): warning C4566: character represented by universal-character-name '\u044B' cannot be represented in the current code page (1252)
D:\GitHub\Cpp_Progs\7.1 Матрицы\7.1 Матрицы\7.1 Матрицы.cpp(55,10): warning C4566: character represented by universal-character-name '\u0435' cannot be represented in the current code page (1252)
D:\GitHub\Cpp_Progs\7.1 Матрицы\7.1 Матрицы\7.1 Матрицы.cpp(55,10): warning C4566: character represented by universal-character-name '\u044D' cannot be represented in the current code page (1252)
D:\GitHub\Cpp_Progs\7.1 Матрицы\7.1 Матрицы\7.1 Матрицы.cpp(55,10): warning C4566: character represented by universal-character-name '\u043C' cannot be represented in the current code page (1252)
D:\GitHub\Cpp_Progs\7.1 Матрицы\7.1 Матрицы\7.1 Матрицы.cpp(55,10): warning C4566: character represented by universal-character-name '\u0442' cannot be represented in the current code page (1252)
D:\GitHub\Cpp_Progs\7.1 Матрицы\7.1 Матрицы\7.1 Матрицы.cpp(55,10): warning C4566: character represented by universal-character-name '\u0441' cannot be represented in the current code page (1252)
D:\GitHub\Cpp_Progs\7.1 Матрицы\7.1 Матрицы\7.1 Матрицы.cpp(55,10): warning C4566: character represented by universal-character-name '\u0439' cannot be represented in the current code page (1252)
D:\GitHub\Cpp_Progs\7.1 Матрицы\7.1 Матрицы\7.1 Матрицы.cpp(55,10): warning C4566: character represented by universal-character-name '\u0446' cannot be represented in the current code page (1252)
D:\GitHub\Cpp_Progs\7.1 Матрицы\7.1 Матрицы\7.1 Матрицы.cpp(55,10): warning C4566: character represented by universal-character-name '\u0434' cannot be represented in the current code page (1252)
D:\GitHub\Cpp_Progs\7.1 Матрицы\7.1 Матрицы\7.1 Матрицы.cpp(55,10): warning C4566: character represented by universal-character-name '\u0436' cannot be represented in the current code page (1252)
D:\GitHub\Cpp_Progs\7.1 Матрицы\7.1 Матрицы\7.1 Матрицы.cpp(55,10): warning C4566: character represented by universal-character-name '\u044F' cannot be represented in the current code page (1252)
D:\GitHub\Cpp_Progs\7.1 Матрицы\7.1 Матрицы\7.1 Матрицы.cpp(55,10): warning C4566: character represented by universal-character-name '\u0432' cannot be represented in the current code page (1252)
D:\GitHub\Cpp_Progs\7.1 Матрицы\7.1 Матрицы\7.1 Матрицы.cpp(55,140): warning C4566: character represented by universal-character-name '\u0441' cannot be represented in the current code page (1252)
D:\GitHub\Cpp_Progs\7.1 Матрицы\7.1 Матрицы\7.1 Матрицы.cpp(55,140): warning C4566: character represented by universal-character-name '\u0442' cannot be represented in the current code page (1252)
D:\GitHub\Cpp_Progs\7.1 Матрицы\7.1 Матрицы\7.1 Матрицы.cpp(55,140): warning C4566: character represented by universal-character-name '\u0440' cannot be represented in the current code page (1252)
D:\GitHub\Cpp_Progs\7.1 Матрицы\7.1 Матрицы\7.1 Матрицы.cpp(55,140): warning C4566: character represented by universal-character-name '\u043E' cannot be represented in the current code page (1252)
D:\GitHub\Cpp_Progs\7.1 Матрицы\7.1 Матрицы\7.1 Матрицы.cpp(55,140): warning C4566: character represented by universal-character-name '\u043A' cannot be represented in the current code page (1252)
D:\GitHub\Cpp_Progs\7.1 Матрицы\7.1 Матрицы\7.1 Матрицы.cpp(55,140): warning C4566: character represented by universal-character-name '\u0430' cannot be represented in the current code page (1252)
D:\GitHub\Cpp_Progs\7.1 Матрицы\7.1 Матрицы\7.1 Матрицы.cpp(55,140): warning C4566: character represented by universal-character-name '\u0445' cannot be represented in the current code page (1252)
D:\GitHub\Cpp_Progs\7.1 Матрицы\7.1 Матрицы\7.1 Матрицы.cpp(56,10): warning C4566: character represented by universal-character-name '\u0418' cannot be represented in the current code page (1252)
D:\GitHub\Cpp_Progs\7.1 Матрицы\7.1 Матрицы\7.1 Матрицы.cpp(56,10): warning C4566: character represented by universal-character-name '\u0434' cannot be represented in the current code page (1252)
D:\GitHub\Cpp_Progs\7.1 Матрицы\7.1 Матрицы\7.1 Матрицы.cpp(56,10): warning C4566: character represented by universal-character-name '\u0443' cannot be represented in the current code page (1252)
D:\GitHub\Cpp_Progs\7.1 Матрицы\7.1 Матрицы\7.1 Матрицы.cpp(56,10): warning C4566: character represented by universal-character-name '\u0449' cannot be represented in the current code page (1252)
D:\GitHub\Cpp_Progs\7.1 Матрицы\7.1 Матрицы\7.1 Матрицы.cpp(56,10): warning C4566: character represented by universal-character-name '\u0438' cannot be represented in the current code page (1252)
D:\GitHub\Cpp_Progs\7.1 Матрицы\7.1 Матрицы\7.1 Матрицы.cpp(56,10): warning C4566: character represented by universal-character-name '\u0435' cannot be represented in the current code page (1252)
D:\GitHub\Cpp_Progs\7.1 Матрицы\7.1 Матрицы\7.1 Матрицы.cpp(56,10): warning C4566: character represented by universal-character-name '\u043F' cannot be represented in the current code page (1252)
D:\GitHub\Cpp_Progs\7.1 Матрицы\7.1 Матрицы\7.1 Матрицы.cpp(56,10): warning C4566: character represented by universal-character-name '\u043E' cannot be represented in the current code page (1252)
D:\GitHub\Cpp_Progs\7.1 Матрицы\7.1 Матрицы\7.1 Матрицы.cpp(56,10): warning C4566: character represented by universal-character-name '\u0440' cannot be represented in the current code page (1252)
D:\GitHub\Cpp_Progs\7.1 Матрицы\7.1 Матрицы\7.1 Матрицы.cpp(56,10): warning C4566: character represented by universal-character-name '\u044F' cannot be represented in the current code page (1252)
D:\GitHub\Cpp_Progs\7.1 Матрицы\7.1 Матрицы\7.1 Матрицы.cpp(56,10): warning C4566: character represented by universal-character-name '\u044D' cannot be represented in the current code page (1252)
D:\GitHub\Cpp_Progs\7.1 Матрицы\7.1 Матрицы\7.1 Матрицы.cpp(56,10): warning C4566: character represented by universal-character-name '\u043B' cannot be represented in the current code page (1252)
D:\GitHub\Cpp_Progs\7.1 Матрицы\7.1 Матрицы\7.1 Матрицы.cpp(56,10): warning C4566: character represented by universal-character-name '\u043C' cannot be represented in the current code page (1252)
D:\GitHub\Cpp_Progs\7.1 Матрицы\7.1 Матрицы\7.1 Матрицы.cpp(56,10): warning C4566: character represented by universal-character-name '\u043D' cannot be represented in the current code page (1252)
D:\GitHub\Cpp_Progs\7.1 Матрицы\7.1 Матрицы\7.1 Матрицы.cpp(56,10): warning C4566: character represented by universal-character-name '\u0442' cannot be represented in the current code page (1252)
D:\GitHub\Cpp_Progs\7.1 Матрицы\7.1 Матрицы\7.1 Матрицы.cpp(56,10): warning C4566: character represented by universal-character-name '\u044B' cannot be represented in the current code page (1252)
D:\GitHub\Cpp_Progs\7.1 Матрицы\7.1 Матрицы\7.1 Матрицы.cpp(56,10): warning C4566: character represented by universal-character-name '\u0432' cannot be represented in the current code page (1252)
D:\GitHub\Cpp_Progs\7.1 Матрицы\7.1 Матрицы\7.1 Матрицы.cpp(56,10): warning C4566: character represented by universal-character-name '\u0430' cannot be represented in the current code page (1252)
D:\GitHub\Cpp_Progs\7.1 Матрицы\7.1 Матрицы\7.1 Матрицы.cpp(56,10): warning C4566: character represented by universal-character-name '\u0447' cannot be represented in the current code page (1252)
D:\GitHub\Cpp_Progs\7.1 Матрицы\7.1 Матрицы\7.1 Матрицы.cpp(56,10): warning C4566: character represented by universal-character-name '\u0441' cannot be represented in the current code page (1252)
D:\GitHub\Cpp_Progs\7.1 Матрицы\7.1 Матрицы\7.1 Матрицы.cpp(56,10): warning C4566: character represented by universal-character-name '\u043A' cannot be represented in the current code page (1252)
D:\GitHub\Cpp_Progs\7.1 Матрицы\7.1 Матрицы\7.1 Матрицы.cpp(56,10): warning C4566: character represented by universal-character-name '\u0439' cannot be represented in the current code page (1252)
D:\GitHub\Cpp_Progs\7.1 Матрицы\7.1 Матрицы\7.1 Матрицы.cpp(56,10): warning C4566: character represented by universal-character-name '\u0446' cannot be represented in the current code page (1252)
D:\GitHub\Cpp_Progs\7.1 Матрицы\7.1 Матрицы\7.1 Матрицы.cpp(56,10): warning C4566: character represented by universal-character-name '\u044E' cannot be represented in the current code page (1252)
D:\GitHub\Cpp_Progs\7.1 Матрицы\7.1 Матрицы\7.1 Матрицы.cpp(56,150): warning C4566: character represented by universal-character-name '\u0441' cannot be represented in the current code page (1252)
D:\GitHub\Cpp_Progs\7.1 Матрицы\7.1 Матрицы\7.1 Матрицы.cpp(56,150): warning C4566: character represented by universal-character-name '\u0442' cannot be represented in the current code page (1252)
D:\GitHub\Cpp_Progs\7.1 Матрицы\7.1 Матрицы\7.1 Матрицы.cpp(56,150): warning C4566: character represented by universal-character-name '\u0440' cannot be represented in the current code page (1252)
D:\GitHub\Cpp_Progs\7.1 Матрицы\7.1 Матрицы\7.1 Матрицы.cpp(56,150): warning C4566: character represented by universal-character-name '\u043E' cannot be represented in the current code page (1252)
D:\GitHub\Cpp_Progs\7.1 Матрицы\7.1 Матрицы\7.1 Матрицы.cpp(56,150): warning C4566: character represented by universal-character-name '\u043A' cannot be represented in the current code page (1252)
D:\GitHub\Cpp_Progs\7.1 Матрицы\7.1 Матрицы\7.1 Матрицы.cpp(56,150): warning C4566: character represented by universal-character-name '\u0430' cannot be represented in the current code page (1252)
D:\GitHub\Cpp_Progs\7.1 Матрицы\7.1 Матрицы\7.1 Матрицы.cpp(56,150): warning C4566: character represented by universal-character-name '\u0445' cannot be represented in the current code page (1252)
D:\GitHub\Cpp_Progs\7.1 Матрицы\7.1 Матрицы\7.1 Матрицы.cpp(57,10): warning C4566: character represented by universal-character-name '\u0417' cannot be represented in the current code page (1252)
D:\GitHub\Cpp_Progs\7.1 Матрицы\7.1 Матрицы\7.1 Матрицы.cpp(57,10): warning C4566: character represented by universal-character-name '\u0430' cannot be represented in the current code page (1252)
D:\GitHub\Cpp_Progs\7.1 Матрицы\7.1 Матрицы\7.1 Матрицы.cpp(57,10): warning C4566: character represented by universal-character-name '\u043F' cannot be represented in the current code page (1252)
D:\GitHub\Cpp_Progs\7.1 Матрицы\7.1 Матрицы\7.1 Матрицы.cpp(57,10): warning C4566: character represented by universal-character-name '\u0438' cannot be represented in the current code page (1252)
D:\GitHub\Cpp_Progs\7.1 Матрицы\7.1 Матрицы\7.1 Матрицы.cpp(57,10): warning C4566: character represented by universal-character-name '\u0441' cannot be represented in the current code page (1252)
D:\GitHub\Cpp_Progs\7.1 Матрицы\7.1 Матрицы\7.1 Матрицы.cpp(57,10): warning C4566: character represented by universal-character-name '\u044B' cannot be represented in the current code page (1252)
D:\GitHub\Cpp_Progs\7.1 Матрицы\7.1 Матрицы\7.1 Матрицы.cpp(57,10): warning C4566: character represented by universal-character-name '\u0432' cannot be represented in the current code page (1252)
D:\GitHub\Cpp_Progs\7.1 Матрицы\7.1 Матрицы\7.1 Матрицы.cpp(57,10): warning C4566: character represented by universal-character-name '\u044E' cannot be represented in the current code page (1252)
D:\GitHub\Cpp_Progs\7.1 Матрицы\7.1 Матрицы\7.1 Матрицы.cpp(57,10): warning C4566: character represented by universal-character-name '\u043E' cannot be represented in the current code page (1252)
D:\GitHub\Cpp_Progs\7.1 Матрицы\7.1 Матрицы\7.1 Матрицы.cpp(57,10): warning C4566: character represented by universal-character-name '\u0434' cannot be represented in the current code page (1252)
D:\GitHub\Cpp_Progs\7.1 Матрицы\7.1 Матрицы\7.1 Матрицы.cpp(57,10): warning C4566: character represented by universal-character-name '\u043D' cannot be represented in the current code page (1252)
D:\GitHub\Cpp_Progs\7.1 Матрицы\7.1 Матрицы\7.1 Матрицы.cpp(57,10): warning C4566: character represented by universal-character-name '\u043C' cannot be represented in the current code page (1252)
D:\GitHub\Cpp_Progs\7.1 Матрицы\7.1 Матрицы\7.1 Матрицы.cpp(57,10): warning C4566: character represented by universal-character-name '\u0447' cannot be represented in the current code page (1252)
D:\GitHub\Cpp_Progs\7.1 Матрицы\7.1 Матрицы\7.1 Матрицы.cpp(57,10): warning C4566: character represented by universal-character-name '\u0435' cannot be represented in the current code page (1252)
D:\GitHub\Cpp_Progs\7.1 Матрицы\7.1 Матрицы\7.1 Матрицы.cpp(57,10): warning C4566: character represented by universal-character-name '\u043A' cannot be represented in the current code page (1252)
D:\GitHub\Cpp_Progs\7.1 Матрицы\7.1 Матрицы\7.1 Матрицы.cpp(57,10): warning C4566: character represented by universal-character-name '\u0439' cannot be represented in the current code page (1252)
D:\GitHub\Cpp_Progs\7.1 Матрицы\7.1 Матрицы\7.1 Матрицы.cpp(127,15): warning C4566: character represented by universal-character-name '\u041C' cannot be represented in the current code page (1252)
D:\GitHub\Cpp_Progs\7.1 Матрицы\7.1 Матрицы\7.1 Матрицы.cpp(127,15): warning C4566: character represented by universal-character-name '\u0430' cannot be represented in the current code page (1252)
D:\GitHub\Cpp_Progs\7.1 Матрицы\7.1 Матрицы\7.1 Матрицы.cpp(127,15): warning C4566: character represented by universal-character-name '\u0442' cannot be represented in the current code page (1252)
D:\GitHub\Cpp_Progs\7.1 Матрицы\7.1 Матрицы\7.1 Матрицы.cpp(127,15): warning C4566: character represented by universal-character-name '\u0440' cannot be represented in the current code page (1252)
D:\GitHub\Cpp_Progs\7.1 Матрицы\7.1 Матрицы\7.1 Матрицы.cpp(127,15): warning C4566: character represented by universal-character-name '\u0438' cannot be represented in the current code page (1252)
D:\GitHub\Cpp_Progs\7.1 Матрицы\7.1 Матрицы\7.1 Матрицы.cpp(127,15): warning C4566: character represented by universal-character-name '\u0446' cannot be represented in the current code page (1252)
D:\GitHub\Cpp_Progs\7.1 Матрицы\7.1 Матрицы\7.1 Матрицы.cpp(127,15): warning C4566: character represented by universal-character-name '\u044B' cannot be represented in the current code page (1252)
  7.1 Матрицы.vcxproj -> D:\GitHub\Cpp_Progs\7.1 Матрицы\Debug\7.1 Матрицы.exe
