  Cuisine.cpp
D:\GitHub\Cpp_Progs\9.2 Final classes\9.2 Final classes\MyString.h(29,28): warning C4244: 'initializing': conversion from '__int64' to 'unsigned int', possible loss of data
D:\GitHub\Cpp_Progs\9.2 Final classes\9.2 Final classes\MyString.h(30,21): warning C4244: '=': conversion from '__int64' to 'int', possible loss of data
D:\GitHub\Cpp_Progs\9.2 Final classes\9.2 Final classes\MyString.h(31,15): warning C4244: '=': conversion from '__int64' to 'int', possible loss of data
  Dish.cpp
D:\GitHub\Cpp_Progs\9.2 Final classes\9.2 Final classes\MyString.h(29,28): warning C4244: 'initializing': conversion from '__int64' to 'unsigned int', possible loss of data
D:\GitHub\Cpp_Progs\9.2 Final classes\9.2 Final classes\MyString.h(30,21): warning C4244: '=': conversion from '__int64' to 'int', possible loss of data
D:\GitHub\Cpp_Progs\9.2 Final classes\9.2 Final classes\MyString.h(31,15): warning C4244: '=': conversion from '__int64' to 'int', possible loss of data
D:\GitHub\Cpp_Progs\9.2 Final classes\9.2 Final classes\Dish.cpp(85,10): warning C4101: 'num': unreferenced local variable
  MyString.cpp
D:\GitHub\Cpp_Progs\9.2 Final classes\9.2 Final classes\MyString.h(29,28): warning C4244: 'initializing': conversion from '__int64' to 'unsigned int', possible loss of data
D:\GitHub\Cpp_Progs\9.2 Final classes\9.2 Final classes\MyString.h(30,21): warning C4244: '=': conversion from '__int64' to 'int', possible loss of data
D:\GitHub\Cpp_Progs\9.2 Final classes\9.2 Final classes\MyString.h(31,15): warning C4244: '=': conversion from '__int64' to 'int', possible loss of data
  main.cpp
D:\GitHub\Cpp_Progs\9.2 Final classes\9.2 Final classes\MyString.h(29,28): warning C4244: 'initializing': conversion from '__int64' to 'unsigned int', possible loss of data
D:\GitHub\Cpp_Progs\9.2 Final classes\9.2 Final classes\MyString.h(30,21): warning C4244: '=': conversion from '__int64' to 'int', possible loss of data
D:\GitHub\Cpp_Progs\9.2 Final classes\9.2 Final classes\MyString.h(31,15): warning C4244: '=': conversion from '__int64' to 'int', possible loss of data
D:\GitHub\Cpp_Progs\9.2 Final classes\9.2 Final classes\main.cpp(60,17): warning C4244: '=': conversion from 'double' to 'int', possible loss of data
D:\GitHub\Cpp_Progs\9.2 Final classes\9.2 Final classes\main.cpp(192,25): warning C4244: '=': conversion from 'double' to 'int', possible loss of data
  Generating Code...
  9.2 Final classes.vcxproj -> D:\GitHub\Cpp_Progs\9.2 Final classes\Debug\9.2 Final classes.exe
